TN:
SF:src\constants.ts
FNF:0
FNH:0
DA:1,1
DA:2,1
DA:3,1
DA:4,1
DA:5,1
DA:6,1
DA:7,1
DA:8,1
DA:9,1
LF:9
LH:9
BRF:0
BRH:0
end_of_record
TN:
SF:src\components\text\redux\Text.ts
FN:6,Text
FN:10,get currentLetter
FN:15,get currentWord
FN:20,get prevWord
FN:25,isCorrectLetterTyped
FN:32,isExtraLetterRequired
FN:37,markCurrentLetterAsCorrect
FN:41,markCurrentLetterAsIncorrect
FN:45,turnToNextLetter
FN:58,turnToNextAfterAddingIncorrectExtra
FN:65,incrementTotalKeysPressed
FN:69,incrementCorrectKeysPressed
FN:73,isLimitOfExtraLettersExeeded
FN:80,addExtraLetter
FN:91,isPossibleToRemove
FN:95,shouldRemoveExtra
FN:99,turnToPrevLetter
FN:108,turnToPrevLetterAfterRemovingExtraLetter
FN:114,removeExtraLetter
FN:121,isAnyLetterInWordWasTyped
FN:125,isCurrentWordTypedCorrectly
FN:140,turnToNextWord
FN:156,isRequiredTurnToPrevWord
FN:160,isAllowedTurnToPrevWord
FN:168,turnToPrevWord
FN:177,removeExtraLettersFromCurrentWord
FN:183,isCtrlBackSpaceDeleteAllowed
FN:191,isTurnToPrevWordAfterPressingCtrlBackspaceRequired
FN:203,clearWord
FN:223,markPrevWordAsTouched
FN:227,shouldIncrementTypedWordsCounter
FN:231,incrementTypedWordsCounter
FN:235,isAllWordsBesidesLastWasTyped
FN:240,isCurrentWordLast
FN:245,isCurrentLetterLast
FN:250,handlePressingSpaceOnLastWord
FN:258,handleCorrectlyTypedLastLetterInText
FNF:37
FNH:0
FNDA:0,Text
FNDA:0,get currentLetter
FNDA:0,get currentWord
FNDA:0,get prevWord
FNDA:0,isCorrectLetterTyped
FNDA:0,isExtraLetterRequired
FNDA:0,markCurrentLetterAsCorrect
FNDA:0,markCurrentLetterAsIncorrect
FNDA:0,turnToNextLetter
FNDA:0,turnToNextAfterAddingIncorrectExtra
FNDA:0,incrementTotalKeysPressed
FNDA:0,incrementCorrectKeysPressed
FNDA:0,isLimitOfExtraLettersExeeded
FNDA:0,addExtraLetter
FNDA:0,isPossibleToRemove
FNDA:0,shouldRemoveExtra
FNDA:0,turnToPrevLetter
FNDA:0,turnToPrevLetterAfterRemovingExtraLetter
FNDA:0,removeExtraLetter
FNDA:0,isAnyLetterInWordWasTyped
FNDA:0,isCurrentWordTypedCorrectly
FNDA:0,turnToNextWord
FNDA:0,isRequiredTurnToPrevWord
FNDA:0,isAllowedTurnToPrevWord
FNDA:0,turnToPrevWord
FNDA:0,removeExtraLettersFromCurrentWord
FNDA:0,isCtrlBackSpaceDeleteAllowed
FNDA:0,isTurnToPrevWordAfterPressingCtrlBackspaceRequired
FNDA:0,clearWord
FNDA:0,markPrevWordAsTouched
FNDA:0,shouldIncrementTypedWordsCounter
FNDA:0,incrementTypedWordsCounter
FNDA:0,isAllWordsBesidesLastWasTyped
FNDA:0,isCurrentWordLast
FNDA:0,isCurrentLetterLast
FNDA:0,handlePressingSpaceOnLastWord
FNDA:0,handleCorrectlyTypedLastLetterInText
DA:1,1
DA:2,1
DA:3,1
DA:4,1
DA:5,1
DA:6,1
DA:7,0
DA:8,0
DA:9,1
DA:10,1
DA:11,0
DA:12,0
DA:13,0
DA:14,1
DA:15,1
DA:16,0
DA:17,0
DA:18,0
DA:19,1
DA:20,1
DA:21,0
DA:22,0
DA:23,0
DA:24,1
DA:25,1
DA:26,0
DA:27,0
DA:28,0
DA:29,0
DA:30,0
DA:31,1
DA:32,1
DA:33,0
DA:34,0
DA:35,0
DA:36,1
DA:37,1
DA:38,0
DA:39,0
DA:40,1
DA:41,1
DA:42,0
DA:43,0
DA:44,1
DA:45,1
DA:46,0
DA:47,0
DA:48,0
DA:49,0
DA:50,0
DA:51,0
DA:52,0
DA:53,0
DA:54,0
DA:55,0
DA:56,0
DA:57,1
DA:58,1
DA:59,0
DA:60,0
DA:61,0
DA:62,0
DA:63,0
DA:64,1
DA:65,1
DA:66,0
DA:67,0
DA:68,1
DA:69,1
DA:70,0
DA:71,0
DA:72,1
DA:73,1
DA:74,0
DA:75,0
DA:76,0
DA:77,0
DA:78,0
DA:79,1
DA:80,1
DA:81,0
DA:82,0
DA:83,0
DA:84,0
DA:85,0
DA:86,0
DA:87,0
DA:88,0
DA:89,0
DA:90,1
DA:91,1
DA:92,0
DA:93,0
DA:94,1
DA:95,1
DA:96,0
DA:97,0
DA:98,1
DA:99,1
DA:100,0
DA:101,0
DA:102,0
DA:103,0
DA:104,0
DA:105,0
DA:106,0
DA:107,1
DA:108,1
DA:109,0
DA:110,0
DA:111,0
DA:112,0
DA:113,1
DA:114,1
DA:115,0
DA:116,0
DA:117,0
DA:118,0
DA:119,0
DA:120,1
DA:121,1
DA:122,0
DA:123,0
DA:124,1
DA:125,1
DA:126,0
DA:127,0
DA:128,0
DA:129,0
DA:130,0
DA:131,0
DA:132,0
DA:133,0
DA:134,0
DA:135,0
DA:136,0
DA:137,0
DA:138,0
DA:139,1
DA:140,1
DA:141,0
DA:142,0
DA:143,0
DA:144,0
DA:145,0
DA:146,0
DA:147,0
DA:148,0
DA:149,0
DA:150,0
DA:151,0
DA:152,0
DA:153,0
DA:154,0
DA:155,1
DA:156,1
DA:157,0
DA:158,0
DA:159,1
DA:160,1
DA:161,0
DA:162,0
DA:163,0
DA:164,0
DA:165,0
DA:166,0
DA:167,1
DA:168,1
DA:169,0
DA:170,0
DA:171,0
DA:172,0
DA:173,0
DA:174,0
DA:175,0
DA:176,1
DA:177,1
DA:178,0
DA:179,0
DA:180,0
DA:181,0
DA:182,1
DA:183,1
DA:184,0
DA:185,0
DA:186,0
DA:187,0
DA:188,0
DA:189,0
DA:190,1
DA:191,1
DA:192,0
DA:193,0
DA:194,0
DA:195,0
DA:196,0
DA:197,0
DA:198,0
DA:199,0
DA:200,0
DA:201,0
DA:202,1
DA:203,1
DA:204,0
DA:205,0
DA:206,0
DA:207,0
DA:208,0
DA:209,0
DA:210,0
DA:211,0
DA:212,0
DA:213,0
DA:214,0
DA:215,0
DA:216,0
DA:217,0
DA:218,0
DA:219,0
DA:220,0
DA:221,0
DA:222,1
DA:223,1
DA:224,0
DA:225,0
DA:226,1
DA:227,1
DA:228,0
DA:229,0
DA:230,1
DA:231,1
DA:232,0
DA:233,0
DA:234,1
DA:235,1
DA:236,0
DA:237,0
DA:238,0
DA:239,1
DA:240,1
DA:241,0
DA:242,0
DA:243,0
DA:244,1
DA:245,1
DA:246,0
DA:247,0
DA:248,0
DA:249,1
DA:250,1
DA:251,0
DA:252,0
DA:253,0
DA:254,0
DA:255,0
DA:256,0
DA:257,1
DA:258,1
DA:259,0
DA:260,0
DA:261,0
DA:262,0
DA:263,0
DA:264,0
DA:265,1
LF:265
LH:79
BRF:0
BRH:0
end_of_record
TN:
SF:src\components\text\redux\textSlice.ts
FN:42,finishTyping
FN:45,switchMode
FN:48,setAfkDetected
FN:53,resetTypingProgress
FN:64,incrementTimerBy1Sec
FN:67,onKeyDown
FN:156,extraReducers
FNF:7
FNH:1
FNDA:0,finishTyping
FNDA:0,switchMode
FNDA:0,setAfkDetected
FNDA:0,resetTypingProgress
FNDA:0,incrementTimerBy1Sec
FNDA:0,onKeyDown
FNDA:1,extraReducers
DA:1,1
DA:2,1
DA:3,1
DA:4,1
DA:5,1
DA:6,1
DA:7,1
DA:8,1
DA:9,1
DA:10,1
DA:11,1
DA:12,1
DA:13,1
DA:14,1
DA:15,1
DA:16,1
DA:17,1
DA:18,1
DA:19,1
DA:20,1
DA:21,1
DA:22,1
DA:23,1
DA:24,1
DA:25,1
DA:26,1
DA:27,1
DA:28,1
DA:29,1
DA:30,1
DA:31,1
DA:32,1
DA:33,1
DA:34,1
DA:35,1
DA:36,1
DA:37,1
DA:38,1
DA:39,1
DA:40,1
DA:41,1
DA:42,1
DA:43,0
DA:44,1
DA:45,1
DA:46,0
DA:47,1
DA:48,1
DA:49,0
DA:50,0
DA:51,0
DA:52,1
DA:53,1
DA:54,0
DA:55,0
DA:56,0
DA:57,0
DA:58,0
DA:59,0
DA:60,0
DA:61,0
DA:62,0
DA:63,1
DA:64,1
DA:65,0
DA:66,1
DA:67,1
DA:68,0
DA:69,0
DA:70,0
DA:71,0
DA:72,0
DA:73,0
DA:74,0
DA:75,0
DA:76,0
DA:77,0
DA:78,0
DA:79,0
DA:80,0
DA:81,0
DA:82,0
DA:83,0
DA:84,0
DA:85,0
DA:86,0
DA:87,0
DA:88,0
DA:89,0
DA:90,0
DA:91,0
DA:92,0
DA:93,0
DA:94,0
DA:95,0
DA:96,0
DA:97,0
DA:98,0
DA:99,0
DA:100,0
DA:101,0
DA:102,0
DA:103,0
DA:104,0
DA:105,0
DA:106,0
DA:107,0
DA:108,0
DA:109,0
DA:110,0
DA:111,0
DA:112,0
DA:113,0
DA:114,0
DA:115,0
DA:116,0
DA:117,0
DA:118,0
DA:119,0
DA:120,0
DA:121,0
DA:122,0
DA:123,0
DA:124,0
DA:125,0
DA:126,0
DA:127,0
DA:128,0
DA:129,0
DA:130,0
DA:131,0
DA:132,0
DA:133,0
DA:134,0
DA:135,0
DA:136,0
DA:137,0
DA:138,0
DA:139,0
DA:140,0
DA:141,0
DA:142,0
DA:143,0
DA:144,0
DA:145,0
DA:146,0
DA:147,0
DA:148,0
DA:149,0
DA:150,0
DA:151,0
DA:152,0
DA:153,0
DA:154,1
DA:155,1
DA:156,1
DA:157,1
DA:158,0
DA:159,0
DA:160,0
DA:161,0
DA:162,0
DA:163,0
DA:164,0
DA:165,0
DA:166,0
DA:167,0
DA:168,0
DA:169,0
DA:170,0
DA:171,0
DA:172,0
DA:173,1
DA:174,1
DA:175,1
DA:176,0
DA:177,0
DA:178,1
DA:179,1
DA:180,1
DA:181,0
DA:182,0
DA:183,1
DA:184,1
DA:185,1
DA:186,1
DA:187,1
DA:188,1
LF:188
LH:68
BRDA:156,0,0,1
BRF:1
BRH:1
end_of_record
TN:
SF:src\components\text\redux\utils.ts
FN:12,getIndexOfNextQuoteAndSaveItAsLatestTypedInLocalStorage
FN:31,getLastSelectedLangFromLocalStorage
FN:42,setSelectedLangToLocalStorage
FN:46,serialize
FN:48,wordDefault
FN:79,isSpace
FN:83,isSpecialKey
FN:87,isBackspace
FN:91,isCaps
FN:95,isShift
FN:99,isOtherModifierKey
FNF:11
FNH:3
FNDA:3,getIndexOfNextQuoteAndSaveItAsLatestTypedInLocalStorage
FNDA:0,getLastSelectedLangFromLocalStorage
FNDA:0,setSelectedLangToLocalStorage
FNDA:3,serialize
FNDA:12,wordDefault
FNDA:0,isSpace
FNDA:0,isSpecialKey
FNDA:0,isBackspace
FNDA:0,isCaps
FNDA:0,isShift
FNDA:0,isOtherModifierKey
DA:1,1
DA:2,1
DA:3,1
DA:4,1
DA:5,1
DA:6,1
DA:7,1
DA:8,1
DA:9,1
DA:10,1
DA:11,1
DA:12,3
DA:13,3
DA:14,3
DA:15,3
DA:16,3
DA:17,3
DA:18,2
DA:19,1
DA:20,1
DA:21,1
DA:22,1
DA:23,3
DA:24,1
DA:25,1
DA:26,3
DA:27,3
DA:28,3
DA:29,3
DA:30,1
DA:31,0
DA:32,0
DA:33,0
DA:34,0
DA:35,0
DA:36,0
DA:37,0
DA:38,0
DA:39,0
DA:40,0
DA:41,1
DA:42,0
DA:43,0
DA:44,0
DA:45,1
DA:46,3
DA:47,3
DA:48,3
DA:49,12
DA:50,12
DA:51,12
DA:52,12
DA:53,12
DA:54,12
DA:55,12
DA:56,12
DA:57,3
DA:58,3
DA:59,3
DA:60,3
DA:61,46
DA:62,9
DA:63,9
DA:64,46
DA:65,37
DA:66,37
DA:67,37
DA:68,37
DA:69,37
DA:70,37
DA:71,37
DA:72,46
DA:73,3
DA:74,3
DA:75,3
DA:76,3
DA:77,3
DA:78,1
DA:79,0
DA:80,0
DA:81,0
DA:82,1
DA:83,0
DA:84,0
DA:85,0
DA:86,1
DA:87,0
DA:88,0
DA:89,0
DA:90,1
DA:91,0
DA:92,0
DA:93,0
DA:94,1
DA:95,0
DA:96,0
DA:97,0
DA:98,1
DA:99,0
DA:100,0
DA:101,0
LF:101
LH:70
BRDA:12,0,0,3
BRDA:17,1,0,2
BRDA:18,2,0,1
BRDA:23,3,0,1
BRDA:46,4,0,3
BRDA:60,5,0,46
BRDA:61,6,0,9
BRDA:64,7,0,37
BRDA:48,8,0,12
BRF:9
BRH:9
end_of_record
TN:
SF:src\firebase\config.ts
FNF:0
FNH:0
DA:1,1
DA:2,1
DA:3,1
DA:4,1
DA:5,1
DA:6,1
DA:7,1
DA:8,1
DA:9,1
DA:10,1
DA:11,1
DA:12,1
DA:13,1
DA:14,1
DA:15,1
DA:16,1
DA:17,1
LF:17
LH:17
BRF:0
BRH:0
end_of_record
TN:
SF:src\firebase\quotes\fetch_quotes.ts
FN:15,downloadQuotes
FN:22,memoizedDownloadQuotes
FN:35,serializeAvailableLangsStorageRef
FN:45,fetchListOfAllAvailableQuotes
FNF:4
FNH:0
FNDA:0,downloadQuotes
FNDA:0,memoizedDownloadQuotes
FNDA:0,serializeAvailableLangsStorageRef
FNDA:0,fetchListOfAllAvailableQuotes
DA:1,1
DA:2,1
DA:3,1
DA:4,1
DA:5,1
DA:6,1
DA:7,1
DA:8,1
DA:9,1
DA:10,1
DA:11,1
DA:12,1
DA:13,1
DA:14,1
DA:15,1
DA:16,0
DA:17,0
DA:18,0
DA:19,0
DA:20,0
DA:21,1
DA:22,1
DA:23,0
DA:24,0
DA:25,0
DA:26,0
DA:27,0
DA:28,0
DA:29,0
DA:30,0
DA:31,0
DA:32,0
DA:33,0
DA:34,1
DA:35,0
DA:36,0
DA:37,0
DA:38,0
DA:39,0
DA:40,0
DA:41,0
DA:42,0
DA:43,0
DA:44,1
DA:45,1
DA:46,0
DA:47,0
DA:48,0
DA:49,0
LF:49
LH:20
BRF:0
BRH:0
end_of_record
TN:
SF:src\modals\modalsSlice.ts
FN:22,ifAnyModalOpened
FN:41,openSelectLangModal
FN:49,closeSelectLangModal
FN:54,extraReducers
FNF:4
FNH:1
FNDA:0,ifAnyModalOpened
FNDA:0,openSelectLangModal
FNDA:0,closeSelectLangModal
FNDA:1,extraReducers
DA:1,1
DA:2,1
DA:3,1
DA:4,1
DA:5,1
DA:6,1
DA:7,1
DA:8,1
DA:9,1
DA:10,1
DA:11,1
DA:12,1
DA:13,1
DA:14,1
DA:15,1
DA:16,1
DA:17,1
DA:18,0
DA:19,0
DA:20,1
DA:21,1
DA:22,0
DA:23,0
DA:24,0
DA:25,0
DA:26,0
DA:27,0
DA:28,0
DA:29,0
DA:30,0
DA:31,0
DA:32,0
DA:33,0
DA:34,0
DA:35,0
DA:36,1
DA:37,1
DA:38,1
DA:39,1
DA:40,1
DA:41,1
DA:42,0
DA:43,0
DA:44,0
DA:45,0
DA:46,0
DA:47,0
DA:48,1
DA:49,1
DA:50,0
DA:51,0
DA:52,1
DA:53,1
DA:54,1
DA:55,1
DA:56,0
DA:57,0
DA:58,0
DA:59,0
DA:60,1
DA:61,1
DA:62,1
DA:63,0
DA:64,0
DA:65,0
DA:66,1
DA:67,1
DA:68,1
DA:69,0
DA:70,0
DA:71,0
DA:72,0
DA:73,1
DA:74,1
DA:75,1
DA:76,1
DA:77,1
DA:78,1
LF:78
LH:43
BRDA:54,0,0,1
BRF:1
BRH:1
end_of_record
TN:
SF:src\redux\index.ts
FN:14,setupStore
FNF:1
FNH:0
FNDA:0,setupStore
DA:1,1
DA:2,1
DA:3,1
DA:4,1
DA:5,1
DA:6,1
DA:7,1
DA:8,1
DA:9,1
DA:10,1
DA:11,1
DA:12,1
DA:13,1
DA:14,0
DA:15,0
DA:16,0
DA:17,0
DA:18,0
DA:19,0
DA:20,1
DA:21,1
DA:22,1
DA:23,1
DA:24,1
DA:25,1
LF:25
LH:19
BRF:0
BRH:0
end_of_record
TN:
SF:src\redux\test\utils.tsx
FN:13,renderWithReduxProvider
FN:28,getReduxStateBoilerplate
FN:60,changeField
FNF:3
FNH:2
FNDA:0,renderWithReduxProvider
FNDA:3,getReduxStateBoilerplate
FNDA:32,changeField
DA:1,1
DA:2,1
DA:3,1
DA:4,1
DA:5,1
DA:6,1
DA:7,1
DA:8,1
DA:9,1
DA:10,1
DA:11,1
DA:12,1
DA:13,0
DA:14,0
DA:15,0
DA:16,0
DA:17,0
DA:18,0
DA:19,0
DA:20,0
DA:21,0
DA:22,0
DA:23,0
DA:24,0
DA:25,0
DA:26,0
DA:27,1
DA:28,3
DA:29,3
DA:30,3
DA:31,3
DA:32,3
DA:33,3
DA:34,3
DA:35,3
DA:36,3
DA:37,3
DA:38,3
DA:39,3
DA:40,3
DA:41,3
DA:42,3
DA:43,3
DA:44,3
DA:45,3
DA:46,3
DA:47,3
DA:48,3
DA:49,3
DA:50,3
DA:51,3
DA:52,3
DA:53,3
DA:54,3
DA:55,3
DA:56,3
DA:57,3
DA:58,3
DA:59,3
DA:60,3
DA:61,32
DA:62,32
DA:63,32
DA:64,32
DA:65,104
DA:66,104
DA:67,75
DA:68,75
DA:69,75
DA:70,29
DA:71,104
DA:72,26
DA:73,26
DA:74,29
DA:75,29
DA:76,104
DA:77,32
DA:78,3
DA:79,3
DA:80,3
DA:81,3
LF:81
LH:67
BRDA:28,0,0,3
BRDA:60,1,0,32
BRDA:64,2,0,104
BRDA:66,3,0,75
BRDA:70,4,0,29
BRDA:71,5,0,26
BRDA:72,6,0,5
BRDA:72,7,0,21
BRDA:74,8,0,29
BRF:9
BRH:9
end_of_record
