TN:
SF:src\constants.ts
FNF:0
FNH:0
DA:1,1
DA:2,1
DA:3,1
DA:4,1
DA:5,1
DA:6,1
DA:7,1
DA:8,1
DA:9,1
LF:9
LH:9
BRF:0
BRH:0
end_of_record
TN:
SF:src\components\text\redux\utils.ts
FN:12,getIndexOfNextQuoteAndSaveItAsLatestTypedInLocalStorage
FN:31,getLastSelectedLangFromLocalStorage
FN:42,setSelectedLangToLocalStorage
FN:46,serialize
FN:48,wordDefault
FN:79,isSpace
FN:83,isSpecialKey
FN:87,isBackspace
FN:91,isCaps
FN:95,isShift
FN:99,isOtherModifierKey
FNF:11
FNH:3
FNDA:3,getIndexOfNextQuoteAndSaveItAsLatestTypedInLocalStorage
FNDA:0,getLastSelectedLangFromLocalStorage
FNDA:0,setSelectedLangToLocalStorage
FNDA:1,serialize
FNDA:2,wordDefault
FNDA:0,isSpace
FNDA:0,isSpecialKey
FNDA:0,isBackspace
FNDA:0,isCaps
FNDA:0,isShift
FNDA:0,isOtherModifierKey
DA:1,1
DA:2,1
DA:3,1
DA:4,1
DA:5,1
DA:6,1
DA:7,1
DA:8,1
DA:9,1
DA:10,1
DA:11,1
DA:12,3
DA:13,3
DA:14,3
DA:15,3
DA:16,3
DA:17,3
DA:18,2
DA:19,1
DA:20,1
DA:21,1
DA:22,1
DA:23,3
DA:24,1
DA:25,1
DA:26,3
DA:27,3
DA:28,3
DA:29,3
DA:30,1
DA:31,0
DA:32,0
DA:33,0
DA:34,0
DA:35,0
DA:36,0
DA:37,0
DA:38,0
DA:39,0
DA:40,0
DA:41,1
DA:42,0
DA:43,0
DA:44,0
DA:45,1
DA:46,1
DA:47,1
DA:48,1
DA:49,2
DA:50,2
DA:51,2
DA:52,2
DA:53,2
DA:54,2
DA:55,2
DA:56,2
DA:57,1
DA:58,1
DA:59,1
DA:60,1
DA:61,6
DA:62,1
DA:63,1
DA:64,6
DA:65,5
DA:66,5
DA:67,5
DA:68,5
DA:69,5
DA:70,5
DA:71,5
DA:72,6
DA:73,1
DA:74,1
DA:75,1
DA:76,1
DA:77,1
DA:78,1
DA:79,0
DA:80,0
DA:81,0
DA:82,1
DA:83,0
DA:84,0
DA:85,0
DA:86,1
DA:87,0
DA:88,0
DA:89,0
DA:90,1
DA:91,0
DA:92,0
DA:93,0
DA:94,1
DA:95,0
DA:96,0
DA:97,0
DA:98,1
DA:99,0
DA:100,0
DA:101,0
LF:101
LH:70
BRDA:12,0,0,3
BRDA:17,1,0,2
BRDA:18,2,0,1
BRDA:23,3,0,1
BRDA:46,4,0,1
BRDA:60,5,0,6
BRDA:61,6,0,1
BRDA:64,7,0,5
BRDA:48,8,0,2
BRF:9
BRH:9
end_of_record
